2023-07-31 15:31:35 [main] INFO  c.m.d.t.t.k.s.TwitterToKafkaServiceApplication - Starting TwitterToKafkaServiceApplication using Java 17.0.6 on cleo with PID 55900 (/Users/timurcelikel/IdeaProjects/microservices-demo/twitter-to-kafka-service/target/classes started by timurcelikel in /Users/timurcelikel/IdeaProjects/microservices-demo)
2023-07-31 15:31:35 [main] INFO  c.m.d.t.t.k.s.TwitterToKafkaServiceApplication - No active profile set, falling back to 1 default profile: "default"
2023-07-31 15:31:36 [main] INFO  c.m.d.t.t.k.s.TwitterToKafkaServiceApplication - Started TwitterToKafkaServiceApplication in 1.426 seconds (JVM running for 2.099)
2023-07-31 15:31:36 [main] INFO  c.m.d.t.t.k.s.TwitterToKafkaServiceApplication - App started
2023-07-31 15:31:36 [main] INFO  c.m.d.t.t.k.s.TwitterToKafkaServiceApplication - [Java, Microservices, Spring, Kafka, Elasticsearch]
2023-07-31 15:31:36 [main] INFO  c.m.d.t.t.k.s.TwitterToKafkaServiceApplication - Welcome to Microservices!
2023-07-31 15:31:36 [main] INFO  c.m.d.t.t.k.s.r.i.MockKafkaStreamRunner - Starting mock filtering twitter streams for keywords [Java, Microservices, Spring, Kafka, Elasticsearch]
2023-07-31 15:31:36 [pool-1-thread-1] INFO  c.m.d.t.t.k.s.l.TwitterKafkaStatusListener - Twitter status with text ipsum malesuada posuere lectus sed pulvinar pulvinar ultricies ultricies massa posuere sit sit sit adipiscing massa magna purus purus elit amet ipsum porttitor elit malesuada Spring lectus libero libero Fusce amet congue dolor sed malesuada elit purus purus ultricies sit purus dolor amet elit lectus porttitor Lorem malesuada sed ultricies
2023-07-31 15:31:37 [pool-1-thread-1] INFO  c.m.d.t.t.k.s.l.TwitterKafkaStatusListener - Twitter status with text posuere adipiscing ultricies dolor porttitor purus pulvinar magna lectus elit Elasticsearch ultricies congue porttitor ultricies sed Fusce massa pulvinar ipsum
2023-07-31 15:31:38 [pool-1-thread-1] INFO  c.m.d.t.t.k.s.l.TwitterKafkaStatusListener - Twitter status with text dolor libero posuere porttitor ipsum amet pulvinar ipsum consectetuer amet sed magna Fusce Maecenas lectus Spring ipsum consectetuer magna massa amet consectetuer malesuada ipsum sit congue dolor massa adipiscing
2023-07-31 15:31:39 [pool-1-thread-1] INFO  c.m.d.t.t.k.s.l.TwitterKafkaStatusListener - Twitter status with text purus sit purus dolor massa ipsum ultricies pulvinar libero Maecenas amet Lorem sed Fusce dolor Maecenas pulvinar massa Java amet porttitor magna sed dolor porttitor Maecenas sit sed libero dolor libero malesuada congue massa ipsum
2023-07-31 15:31:40 [pool-1-thread-1] INFO  c.m.d.t.t.k.s.l.TwitterKafkaStatusListener - Twitter status with text Maecenas amet consectetuer dolor adipiscing congue lectus posuere pulvinar posuere adipiscing elit Maecenas posuere sit elit porttitor Kafka lectus sed Maecenas ultricies pulvinar congue sit amet amet pulvinar porttitor pulvinar adipiscing magna ipsum Fusce
2023-07-31 15:31:41 [pool-1-thread-1] INFO  c.m.d.t.t.k.s.l.TwitterKafkaStatusListener - Twitter status with text libero lectus adipiscing Maecenas congue sed ultricies massa adipiscing massa lectus consectetuer Maecenas Maecenas Elasticsearch Lorem magna ipsum consectetuer porttitor massa pulvinar massa lectus Lorem porttitor posuere
2023-07-31 15:31:42 [pool-1-thread-1] INFO  c.m.d.t.t.k.s.l.TwitterKafkaStatusListener - Twitter status with text congue purus lectus porttitor Lorem malesuada adipiscing congue pulvinar libero porttitor pulvinar malesuada elit congue porttitor magna consectetuer posuere Java Maecenas ipsum ipsum elit Lorem Maecenas massa elit Fusce sit elit elit libero libero elit consectetuer Fusce
2023-07-31 15:31:43 [pool-1-thread-1] INFO  c.m.d.t.t.k.s.l.TwitterKafkaStatusListener - Twitter status with text massa lectus adipiscing congue dolor porttitor libero magna magna porttitor Kafka lectus adipiscing massa ipsum sit ipsum libero ipsum purus
2023-07-31 15:31:44 [pool-1-thread-1] INFO  c.m.d.t.t.k.s.l.TwitterKafkaStatusListener - Twitter status with text ultricies posuere consectetuer dolor Fusce ultricies elit amet massa ipsum malesuada congue amet Spring Lorem Fusce ultricies elit sed porttitor lectus libero adipiscing massa massa posuere
2023-07-31 15:31:45 [pool-1-thread-1] INFO  c.m.d.t.t.k.s.l.TwitterKafkaStatusListener - Twitter status with text purus congue dolor posuere pulvinar libero malesuada malesuada consectetuer malesuada massa congue libero ultricies congue massa ultricies elit Elasticsearch pulvinar malesuada ultricies sit amet purus magna sit massa Maecenas magna pulvinar libero porttitor consectetuer purus
2023-07-31 15:31:46 [pool-1-thread-1] INFO  c.m.d.t.t.k.s.l.TwitterKafkaStatusListener - Twitter status with text massa Maecenas ultricies porttitor elit Fusce elit porttitor posuere consectetuer magna Spring elit malesuada ultricies Fusce libero sed sed porttitor dolor
2023-07-31 15:31:47 [pool-1-thread-1] INFO  c.m.d.t.t.k.s.l.TwitterKafkaStatusListener - Twitter status with text ipsum amet lectus pulvinar ultricies sed Maecenas consectetuer lectus Fusce Kafka massa ultricies amet purus adipiscing amet elit congue posuere
2023-07-31 15:31:48 [pool-1-thread-1] INFO  c.m.d.t.t.k.s.l.TwitterKafkaStatusListener - Twitter status with text Fusce ultricies Lorem libero ultricies amet congue porttitor sit Fusce porttitor malesuada sed posuere amet Lorem ipsum malesuada sed posuere ultricies porttitor magna Java amet libero Lorem sed magna pulvinar lectus massa massa porttitor sit lectus posuere libero magna Maecenas sed Lorem magna ultricies libero purus
2023-07-31 15:31:49 [pool-1-thread-1] INFO  c.m.d.t.t.k.s.l.TwitterKafkaStatusListener - Twitter status with text malesuada consectetuer dolor dolor pulvinar malesuada dolor congue Fusce Java elit sed Lorem dolor libero elit Maecenas
2023-07-31 15:31:50 [pool-1-thread-1] INFO  c.m.d.t.t.k.s.l.TwitterKafkaStatusListener - Twitter status with text purus sed lectus amet adipiscing pulvinar pulvinar congue sit Lorem magna massa lectus porttitor dolor congue malesuada purus purus Fusce Microservices massa dolor massa malesuada pulvinar lectus sed pulvinar lectus ipsum magna ultricies ultricies Lorem ultricies consectetuer Maecenas Lorem
2023-07-31 15:31:51 [pool-1-thread-1] INFO  c.m.d.t.t.k.s.l.TwitterKafkaStatusListener - Twitter status with text purus Maecenas massa sit dolor massa lectus dolor porttitor Maecenas Lorem Lorem sed ipsum posuere adipiscing Java Fusce elit Maecenas sit purus sit massa magna amet Maecenas posuere elit posuere pulvinar
2023-07-31 15:31:52 [pool-1-thread-1] INFO  c.m.d.t.t.k.s.l.TwitterKafkaStatusListener - Twitter status with text sed magna lectus lectus sit porttitor massa Maecenas congue Fusce Maecenas adipiscing purus malesuada libero purus sit amet consectetuer malesuada dolor adipiscing ultricies posuere Lorem Kafka Fusce pulvinar ultricies ipsum posuere sit libero ipsum Fusce congue ipsum malesuada posuere sit libero Lorem adipiscing dolor magna adipiscing lectus sed dolor
2023-07-31 15:31:53 [pool-1-thread-1] INFO  c.m.d.t.t.k.s.l.TwitterKafkaStatusListener - Twitter status with text ultricies consectetuer dolor congue ultricies pulvinar adipiscing ipsum lectus adipiscing purus dolor congue pulvinar massa dolor dolor magna amet congue posuere ultricies Elasticsearch lectus Maecenas purus consectetuer libero Fusce Maecenas elit amet pulvinar ipsum ipsum ipsum ipsum Maecenas sit pulvinar Fusce adipiscing adipiscing
2023-07-31 15:31:54 [pool-1-thread-1] INFO  c.m.d.t.t.k.s.l.TwitterKafkaStatusListener - Twitter status with text ultricies Fusce congue Lorem consectetuer ipsum magna malesuada sit ultricies massa ultricies malesuada ipsum lectus consectetuer sed magna Microservices sed magna dolor elit porttitor congue Fusce elit porttitor Fusce Maecenas purus libero sed adipiscing Fusce congue
2023-07-31 15:31:55 [pool-1-thread-1] INFO  c.m.d.t.t.k.s.l.TwitterKafkaStatusListener - Twitter status with text magna ultricies congue libero porttitor amet dolor amet posuere dolor amet posuere adipiscing dolor Kafka dolor libero congue posuere adipiscing sit pulvinar purus posuere amet massa massa
2023-07-31 15:31:56 [pool-1-thread-1] INFO  c.m.d.t.t.k.s.l.TwitterKafkaStatusListener - Twitter status with text dolor libero lectus malesuada congue lectus Fusce consectetuer consectetuer consectetuer libero libero purus adipiscing Fusce elit adipiscing ultricies malesuada pulvinar ultricies ipsum Kafka adipiscing ultricies malesuada Maecenas pulvinar elit lectus dolor Fusce lectus malesuada massa congue ipsum ultricies dolor adipiscing posuere malesuada massa
2023-07-31 15:32:55 [main] INFO  c.m.d.t.t.k.s.TwitterToKafkaServiceApplication - Starting TwitterToKafkaServiceApplication using Java 17.0.6 on cleo with PID 55942 (/Users/timurcelikel/IdeaProjects/microservices-demo/twitter-to-kafka-service/target/classes started by timurcelikel in /Users/timurcelikel/IdeaProjects/microservices-demo)
2023-07-31 15:32:55 [main] INFO  c.m.d.t.t.k.s.TwitterToKafkaServiceApplication - No active profile set, falling back to 1 default profile: "default"
2023-07-31 15:32:55 [main] WARN  o.s.c.a.AnnotationConfigApplicationContext - Exception encountered during context initialization - cancelling refresh attempt: org.springframework.beans.factory.UnsatisfiedDependencyException: Error creating bean with name 'twitterToKafkaServiceApplication': Unsatisfied dependency expressed through constructor parameter 1; nested exception is org.springframework.beans.factory.NoUniqueBeanDefinitionException: No qualifying bean of type 'com.microservices.demo.twitter.to.kafka.service.runner.StreamRunner' available: expected single matching bean but found 2: twitterKafkaStreamRunner,twitterV2KafkaStreamRunner
2023-07-31 15:32:55 [main] INFO  o.s.b.a.l.ConditionEvaluationReportLoggingListener - 

Error starting ApplicationContext. To display the conditions report re-run your application with 'debug' enabled.
2023-07-31 15:32:55 [main] ERROR o.s.b.d.LoggingFailureAnalysisReporter - 

***************************
APPLICATION FAILED TO START
***************************

Description:

Parameter 1 of constructor in com.microservices.demo.twitter.to.kafka.service.TwitterToKafkaServiceApplication required a single bean, but 2 were found:
	- twitterKafkaStreamRunner: defined in file [/Users/timurcelikel/IdeaProjects/microservices-demo/twitter-to-kafka-service/target/classes/com/microservices/demo/twitter/to/kafka/service/runner/impl/TwitterKafkaStreamRunner.class]
	- twitterV2KafkaStreamRunner: defined in file [/Users/timurcelikel/IdeaProjects/microservices-demo/twitter-to-kafka-service/target/classes/com/microservices/demo/twitter/to/kafka/service/runner/impl/TwitterV2KafkaStreamRunner.class]


Action:

Consider marking one of the beans as @Primary, updating the consumer to accept multiple beans, or using @Qualifier to identify the bean that should be consumed

2023-07-31 15:34:02 [main] INFO  c.m.d.t.t.k.s.TwitterToKafkaServiceApplication - Starting TwitterToKafkaServiceApplication using Java 17.0.6 on cleo with PID 55970 (/Users/timurcelikel/IdeaProjects/microservices-demo/twitter-to-kafka-service/target/classes started by timurcelikel in /Users/timurcelikel/IdeaProjects/microservices-demo)
2023-07-31 15:34:02 [main] INFO  c.m.d.t.t.k.s.TwitterToKafkaServiceApplication - No active profile set, falling back to 1 default profile: "default"
2023-07-31 15:34:02 [main] WARN  o.s.c.a.AnnotationConfigApplicationContext - Exception encountered during context initialization - cancelling refresh attempt: org.springframework.beans.factory.UnsatisfiedDependencyException: Error creating bean with name 'twitterToKafkaServiceApplication': Unsatisfied dependency expressed through constructor parameter 1; nested exception is org.springframework.beans.factory.NoUniqueBeanDefinitionException: No qualifying bean of type 'com.microservices.demo.twitter.to.kafka.service.runner.StreamRunner' available: expected single matching bean but found 2: twitterKafkaStreamRunner,twitterV2KafkaStreamRunner
2023-07-31 15:34:02 [main] INFO  o.s.b.a.l.ConditionEvaluationReportLoggingListener - 

Error starting ApplicationContext. To display the conditions report re-run your application with 'debug' enabled.
2023-07-31 15:34:02 [main] ERROR o.s.b.d.LoggingFailureAnalysisReporter - 

***************************
APPLICATION FAILED TO START
***************************

Description:

Parameter 1 of constructor in com.microservices.demo.twitter.to.kafka.service.TwitterToKafkaServiceApplication required a single bean, but 2 were found:
	- twitterKafkaStreamRunner: defined in file [/Users/timurcelikel/IdeaProjects/microservices-demo/twitter-to-kafka-service/target/classes/com/microservices/demo/twitter/to/kafka/service/runner/impl/TwitterKafkaStreamRunner.class]
	- twitterV2KafkaStreamRunner: defined in file [/Users/timurcelikel/IdeaProjects/microservices-demo/twitter-to-kafka-service/target/classes/com/microservices/demo/twitter/to/kafka/service/runner/impl/TwitterV2KafkaStreamRunner.class]


Action:

Consider marking one of the beans as @Primary, updating the consumer to accept multiple beans, or using @Qualifier to identify the bean that should be consumed

2023-07-31 15:34:33 [main] INFO  c.m.d.t.t.k.s.TwitterToKafkaServiceApplication - Starting TwitterToKafkaServiceApplication using Java 17.0.6 on cleo with PID 55977 (/Users/timurcelikel/IdeaProjects/microservices-demo/twitter-to-kafka-service/target/classes started by timurcelikel in /Users/timurcelikel/IdeaProjects/microservices-demo)
2023-07-31 15:34:33 [main] INFO  c.m.d.t.t.k.s.TwitterToKafkaServiceApplication - No active profile set, falling back to 1 default profile: "default"
2023-07-31 15:34:34 [main] WARN  o.s.c.a.AnnotationConfigApplicationContext - Exception encountered during context initialization - cancelling refresh attempt: org.springframework.beans.factory.UnsatisfiedDependencyException: Error creating bean with name 'twitterToKafkaServiceApplication': Unsatisfied dependency expressed through constructor parameter 1; nested exception is org.springframework.beans.factory.NoUniqueBeanDefinitionException: No qualifying bean of type 'com.microservices.demo.twitter.to.kafka.service.runner.StreamRunner' available: expected single matching bean but found 2: twitterKafkaStreamRunner,twitterV2KafkaStreamRunner
2023-07-31 15:34:34 [main] INFO  o.s.b.a.l.ConditionEvaluationReportLoggingListener - 

Error starting ApplicationContext. To display the conditions report re-run your application with 'debug' enabled.
2023-07-31 15:34:34 [main] ERROR o.s.b.d.LoggingFailureAnalysisReporter - 

***************************
APPLICATION FAILED TO START
***************************

Description:

Parameter 1 of constructor in com.microservices.demo.twitter.to.kafka.service.TwitterToKafkaServiceApplication required a single bean, but 2 were found:
	- twitterKafkaStreamRunner: defined in file [/Users/timurcelikel/IdeaProjects/microservices-demo/twitter-to-kafka-service/target/classes/com/microservices/demo/twitter/to/kafka/service/runner/impl/TwitterKafkaStreamRunner.class]
	- twitterV2KafkaStreamRunner: defined in file [/Users/timurcelikel/IdeaProjects/microservices-demo/twitter-to-kafka-service/target/classes/com/microservices/demo/twitter/to/kafka/service/runner/impl/TwitterV2KafkaStreamRunner.class]


Action:

Consider marking one of the beans as @Primary, updating the consumer to accept multiple beans, or using @Qualifier to identify the bean that should be consumed

2023-07-31 15:35:09 [main] INFO  c.m.d.t.t.k.s.TwitterToKafkaServiceApplication - Starting TwitterToKafkaServiceApplication using Java 17.0.6 on cleo with PID 55988 (/Users/timurcelikel/IdeaProjects/microservices-demo/twitter-to-kafka-service/target/classes started by timurcelikel in /Users/timurcelikel/IdeaProjects/microservices-demo)
2023-07-31 15:35:09 [main] INFO  c.m.d.t.t.k.s.TwitterToKafkaServiceApplication - No active profile set, falling back to 1 default profile: "default"
2023-07-31 15:35:10 [main] INFO  c.m.d.t.t.k.s.TwitterToKafkaServiceApplication - Started TwitterToKafkaServiceApplication in 1.236 seconds (JVM running for 1.773)
2023-07-31 15:35:10 [main] INFO  c.m.d.t.t.k.s.TwitterToKafkaServiceApplication - App started
2023-07-31 15:35:10 [main] INFO  c.m.d.t.t.k.s.TwitterToKafkaServiceApplication - [Java, Microservices, Spring, Kafka, Elasticsearch]
2023-07-31 15:35:10 [main] INFO  c.m.d.t.t.k.s.TwitterToKafkaServiceApplication - Welcome to Microservices!
2023-07-31 15:35:10 [main] INFO  c.m.d.t.t.k.s.r.i.TwitterV2KafkaStreamRunner - Created filter for twitter stream for keywords: [Java, Microservices, Spring, Kafka, Elasticsearch]
2023-07-31 15:35:10 [main] INFO  c.m.d.t.t.k.s.r.i.TwitterV2StreamHelper - Created rules for twitter stream Java
2023-07-31 15:35:43 [main] INFO  c.m.d.t.t.k.s.TwitterToKafkaServiceApplication - Starting TwitterToKafkaServiceApplication using Java 17.0.6 on cleo with PID 56001 (/Users/timurcelikel/IdeaProjects/microservices-demo/twitter-to-kafka-service/target/classes started by timurcelikel in /Users/timurcelikel/IdeaProjects/microservices-demo)
2023-07-31 15:35:43 [main] INFO  c.m.d.t.t.k.s.TwitterToKafkaServiceApplication - No active profile set, falling back to 1 default profile: "default"
2023-07-31 15:35:44 [main] INFO  c.m.d.t.t.k.s.TwitterToKafkaServiceApplication - Started TwitterToKafkaServiceApplication in 1.27 seconds (JVM running for 1.847)
2023-07-31 15:35:44 [main] INFO  c.m.d.t.t.k.s.TwitterToKafkaServiceApplication - App started
2023-07-31 15:35:44 [main] INFO  c.m.d.t.t.k.s.TwitterToKafkaServiceApplication - [Java, Microservices, Spring, Kafka, Elasticsearch]
2023-07-31 15:35:44 [main] INFO  c.m.d.t.t.k.s.TwitterToKafkaServiceApplication - Welcome to Microservices!
2023-07-31 15:35:44 [main] INFO  c.m.d.t.t.k.s.r.i.MockKafkaStreamRunner - Starting mock filtering twitter streams for keywords [Java, Microservices, Spring, Kafka, Elasticsearch]
2023-07-31 15:35:44 [pool-1-thread-1] INFO  c.m.d.t.t.k.s.l.TwitterKafkaStatusListener - Twitter status with text sed consectetuer amet purus amet lectus elit Fusce dolor ipsum Fusce malesuada sit congue dolor Fusce sed ultricies ultricies Spring sed purus sit purus lectus Fusce sit congue ipsum dolor malesuada ipsum Maecenas lectus consectetuer dolor purus
2023-07-31 15:35:45 [pool-1-thread-1] INFO  c.m.d.t.t.k.s.l.TwitterKafkaStatusListener - Twitter status with text congue libero massa dolor libero purus magna libero purus elit dolor pulvinar congue sed congue Lorem Kafka Maecenas pulvinar sit ultricies dolor adipiscing Lorem libero Maecenas consectetuer pulvinar magna ultricies malesuada congue
2023-07-31 15:35:46 [pool-1-thread-1] INFO  c.m.d.t.t.k.s.l.TwitterKafkaStatusListener - Twitter status with text sed amet congue Lorem ipsum consectetuer adipiscing posuere adipiscing Kafka purus amet ipsum purus lectus posuere sed
2023-07-31 15:35:47 [pool-1-thread-1] INFO  c.m.d.t.t.k.s.l.TwitterKafkaStatusListener - Twitter status with text elit massa massa lectus elit massa sit congue Lorem ultricies Lorem pulvinar posuere elit malesuada lectus posuere Maecenas ultricies Fusce pulvinar pulvinar Java purus ipsum magna posuere posuere Lorem dolor elit adipiscing dolor massa malesuada adipiscing pulvinar elit sed sed malesuada pulvinar Fusce amet
2023-07-31 15:35:48 [pool-1-thread-1] INFO  c.m.d.t.t.k.s.l.TwitterKafkaStatusListener - Twitter status with text libero congue pulvinar consectetuer lectus sed adipiscing malesuada congue pulvinar amet lectus purus massa elit Microservices Fusce Lorem elit sed posuere pulvinar pulvinar pulvinar elit adipiscing libero libero ipsum lectus
2023-07-31 15:35:49 [pool-1-thread-1] INFO  c.m.d.t.t.k.s.l.TwitterKafkaStatusListener - Twitter status with text Maecenas malesuada ipsum purus sit ultricies malesuada amet malesuada amet lectus magna libero dolor magna purus Spring consectetuer Fusce sit Fusce massa dolor purus ultricies malesuada Lorem malesuada libero porttitor sit
2023-07-31 15:35:50 [pool-1-thread-1] INFO  c.m.d.t.t.k.s.l.TwitterKafkaStatusListener - Twitter status with text porttitor libero lectus posuere ultricies dolor lectus pulvinar lectus Kafka Lorem adipiscing congue purus sit amet Maecenas congue
2023-07-31 15:35:51 [pool-1-thread-1] INFO  c.m.d.t.t.k.s.l.TwitterKafkaStatusListener - Twitter status with text Fusce sit libero Lorem lectus posuere purus magna malesuada Maecenas ultricies Lorem massa Elasticsearch dolor congue Maecenas massa pulvinar libero magna malesuada purus lectus libero
2023-07-31 15:35:52 [pool-1-thread-1] INFO  c.m.d.t.t.k.s.l.TwitterKafkaStatusListener - Twitter status with text consectetuer Fusce posuere magna ipsum lectus ultricies congue lectus Java lectus pulvinar purus Lorem sed magna libero
2023-07-31 15:35:53 [pool-1-thread-1] INFO  c.m.d.t.t.k.s.l.TwitterKafkaStatusListener - Twitter status with text libero Fusce elit pulvinar libero amet Maecenas malesuada ultricies consectetuer Fusce consectetuer consectetuer ultricies consectetuer pulvinar porttitor ultricies ultricies libero malesuada porttitor porttitor adipiscing pulvinar dolor Kafka pulvinar consectetuer elit Maecenas porttitor libero congue libero Maecenas Fusce magna posuere sed congue ipsum ultricies Maecenas elit ultricies ipsum sit Lorem purus ipsum
2023-07-31 15:35:54 [pool-1-thread-1] INFO  c.m.d.t.t.k.s.l.TwitterKafkaStatusListener - Twitter status with text porttitor sed Lorem sed porttitor libero Lorem adipiscing purus Microservices congue Fusce porttitor ipsum dolor malesuada purus
2023-07-31 15:35:55 [pool-1-thread-1] INFO  c.m.d.t.t.k.s.l.TwitterKafkaStatusListener - Twitter status with text ultricies Maecenas Lorem massa Fusce Lorem congue Maecenas lectus sit dolor Kafka pulvinar elit purus porttitor Fusce malesuada sit Maecenas posuere
2023-07-31 15:35:56 [pool-1-thread-1] INFO  c.m.d.t.t.k.s.l.TwitterKafkaStatusListener - Twitter status with text dolor posuere Lorem congue massa ipsum amet Fusce sed sit ultricies sed lectus sit ultricies adipiscing lectus massa magna pulvinar adipiscing sed posuere Spring ipsum libero Maecenas Fusce congue sed amet dolor Lorem massa Maecenas pulvinar pulvinar Maecenas Fusce Lorem congue sit amet malesuada lectus Maecenas
2023-07-31 15:35:57 [pool-1-thread-1] INFO  c.m.d.t.t.k.s.l.TwitterKafkaStatusListener - Twitter status with text Fusce ipsum lectus amet Maecenas adipiscing congue posuere porttitor congue sed magna libero ultricies congue sed ipsum consectetuer Maecenas posuere dolor sed Kafka Fusce magna magna sed amet sit ipsum porttitor dolor malesuada consectetuer elit libero magna porttitor purus massa amet libero porttitor
2023-07-31 15:35:58 [pool-1-thread-1] INFO  c.m.d.t.t.k.s.l.TwitterKafkaStatusListener - Twitter status with text Lorem lectus Maecenas malesuada posuere malesuada adipiscing porttitor posuere Maecenas sed massa sit sed Elasticsearch dolor libero Fusce malesuada sed congue lectus dolor sed pulvinar pulvinar lectus
2023-07-31 15:35:59 [pool-1-thread-1] INFO  c.m.d.t.t.k.s.l.TwitterKafkaStatusListener - Twitter status with text Maecenas amet porttitor ultricies Lorem dolor congue pulvinar dolor magna posuere pulvinar Lorem pulvinar ipsum malesuada libero libero Kafka malesuada Maecenas amet pulvinar porttitor dolor consectetuer libero dolor posuere elit adipiscing posuere ipsum ipsum congue massa
2023-07-31 15:36:00 [pool-1-thread-1] INFO  c.m.d.t.t.k.s.l.TwitterKafkaStatusListener - Twitter status with text Lorem purus magna libero pulvinar sit magna massa magna amet Lorem purus magna congue Fusce porttitor purus pulvinar lectus Lorem Fusce porttitor purus adipiscing dolor Kafka Maecenas massa purus magna amet congue malesuada sed sed libero Maecenas libero libero libero amet pulvinar massa Fusce massa ultricies pulvinar lectus Fusce
2023-07-31 15:36:01 [pool-1-thread-1] INFO  c.m.d.t.t.k.s.l.TwitterKafkaStatusListener - Twitter status with text sit congue massa purus lectus Maecenas dolor massa pulvinar congue porttitor dolor Lorem consectetuer lectus dolor malesuada Fusce consectetuer Spring sit lectus magna Lorem libero elit dolor magna Fusce amet amet ultricies sit sit amet Maecenas sed congue
2023-07-31 15:36:02 [pool-1-thread-1] INFO  c.m.d.t.t.k.s.l.TwitterKafkaStatusListener - Twitter status with text purus consectetuer adipiscing lectus purus purus Fusce massa purus malesuada porttitor sit dolor adipiscing purus porttitor sed ipsum Microservices amet lectus massa libero pulvinar magna adipiscing massa sed pulvinar purus pulvinar dolor purus dolor pulvinar purus
2023-07-31 15:36:03 [pool-1-thread-1] INFO  c.m.d.t.t.k.s.l.TwitterKafkaStatusListener - Twitter status with text elit pulvinar malesuada massa porttitor pulvinar congue libero Maecenas Java Lorem porttitor dolor massa purus purus posuere purus
2023-07-31 15:36:04 [pool-1-thread-1] INFO  c.m.d.t.t.k.s.l.TwitterKafkaStatusListener - Twitter status with text adipiscing sit pulvinar congue congue malesuada sit massa magna Spring congue Fusce porttitor massa malesuada posuere posuere amet
2023-07-31 15:36:05 [pool-1-thread-1] INFO  c.m.d.t.t.k.s.l.TwitterKafkaStatusListener - Twitter status with text massa libero ipsum sit lectus magna libero adipiscing posuere Kafka porttitor porttitor dolor congue consectetuer Maecenas pulvinar
2023-07-31 15:36:06 [pool-1-thread-1] INFO  c.m.d.t.t.k.s.l.TwitterKafkaStatusListener - Twitter status with text consectetuer amet adipiscing pulvinar sit congue congue libero amet Maecenas ultricies malesuada Fusce Maecenas magna dolor Lorem porttitor magna massa posuere Microservices magna consectetuer pulvinar elit congue pulvinar consectetuer libero amet consectetuer massa Maecenas lectus sed Fusce pulvinar consectetuer pulvinar posuere
2023-07-31 15:36:07 [pool-1-thread-1] INFO  c.m.d.t.t.k.s.l.TwitterKafkaStatusListener - Twitter status with text adipiscing sed Lorem malesuada adipiscing elit lectus sed magna pulvinar Lorem Fusce Maecenas sit magna ultricies Lorem dolor libero pulvinar malesuada purus Spring congue Maecenas purus ipsum Fusce sed congue elit congue massa purus Fusce elit posuere malesuada massa Lorem Maecenas ipsum magna
2023-07-31 15:36:08 [pool-1-thread-1] INFO  c.m.d.t.t.k.s.l.TwitterKafkaStatusListener - Twitter status with text ultricies massa purus consectetuer Maecenas consectetuer consectetuer libero pulvinar malesuada elit Fusce pulvinar ultricies Lorem elit pulvinar massa magna malesuada consectetuer purus porttitor ultricies consectetuer Kafka malesuada libero congue purus malesuada libero ipsum sed Lorem Lorem sit Fusce adipiscing malesuada elit sed amet ipsum pulvinar ultricies Maecenas libero malesuada dolor
2023-07-31 15:36:09 [pool-1-thread-1] INFO  c.m.d.t.t.k.s.l.TwitterKafkaStatusListener - Twitter status with text Fusce magna ultricies porttitor Fusce magna porttitor ipsum purus porttitor porttitor sed posuere libero sed Lorem massa posuere amet consectetuer sed sit dolor amet Java Fusce ultricies Fusce congue Fusce dolor libero porttitor Maecenas pulvinar lectus malesuada congue libero Maecenas pulvinar malesuada dolor malesuada dolor pulvinar Lorem amet
2023-07-31 15:36:10 [pool-1-thread-1] INFO  c.m.d.t.t.k.s.l.TwitterKafkaStatusListener - Twitter status with text sed amet sit amet Maecenas Maecenas dolor malesuada ultricies sed Elasticsearch purus porttitor posuere Lorem porttitor congue magna malesuada
2023-07-31 15:36:11 [pool-1-thread-1] INFO  c.m.d.t.t.k.s.l.TwitterKafkaStatusListener - Twitter status with text pulvinar libero congue consectetuer ultricies posuere elit Fusce Lorem malesuada consectetuer elit Maecenas Lorem dolor Lorem malesuada Kafka pulvinar adipiscing pulvinar malesuada amet lectus sit lectus massa consectetuer elit sed ultricies congue sed consectetuer
2023-07-31 15:36:12 [pool-1-thread-1] INFO  c.m.d.t.t.k.s.l.TwitterKafkaStatusListener - Twitter status with text sit posuere Lorem lectus ipsum consectetuer ipsum ipsum magna amet libero sed consectetuer ipsum consectetuer Spring posuere sit elit Maecenas purus Maecenas Lorem consectetuer magna Lorem dolor massa adipiscing congue
2023-07-31 15:36:13 [pool-1-thread-1] INFO  c.m.d.t.t.k.s.l.TwitterKafkaStatusListener - Twitter status with text malesuada sed malesuada massa purus malesuada elit sed massa Elasticsearch elit pulvinar sit porttitor libero adipiscing Lorem
2023-07-31 15:36:14 [pool-1-thread-1] INFO  c.m.d.t.t.k.s.l.TwitterKafkaStatusListener - Twitter status with text Fusce congue pulvinar libero posuere Lorem pulvinar consectetuer ultricies Maecenas dolor purus malesuada consectetuer magna malesuada dolor malesuada purus lectus posuere amet massa Elasticsearch pulvinar elit lectus pulvinar purus malesuada porttitor massa congue Maecenas sed dolor lectus congue sed lectus dolor Maecenas adipiscing dolor consectetuer Lorem
2023-07-31 15:36:15 [pool-1-thread-1] INFO  c.m.d.t.t.k.s.l.TwitterKafkaStatusListener - Twitter status with text dolor consectetuer sit amet malesuada amet massa malesuada porttitor Lorem magna massa amet sed Lorem purus libero congue adipiscing purus sed Lorem libero congue Microservices Maecenas dolor adipiscing amet posuere Maecenas Fusce lectus sed posuere purus ipsum amet consectetuer purus dolor ultricies Lorem sit dolor sit adipiscing libero
2023-07-31 15:36:16 [pool-1-thread-1] INFO  c.m.d.t.t.k.s.l.TwitterKafkaStatusListener - Twitter status with text magna libero posuere Fusce congue magna sit lectus pulvinar massa Maecenas adipiscing libero ipsum adipiscing ipsum congue pulvinar magna Kafka ultricies congue ipsum Maecenas Maecenas massa Fusce pulvinar sit consectetuer Lorem sed dolor sed sit pulvinar sit
2023-07-31 15:36:17 [pool-1-thread-1] INFO  c.m.d.t.t.k.s.l.TwitterKafkaStatusListener - Twitter status with text dolor sed congue dolor Fusce posuere posuere Lorem magna massa porttitor adipiscing ipsum Fusce adipiscing Java libero ultricies purus porttitor posuere Maecenas Maecenas ultricies dolor magna elit congue Fusce
2023-07-31 15:36:18 [pool-1-thread-1] INFO  c.m.d.t.t.k.s.l.TwitterKafkaStatusListener - Twitter status with text purus magna libero massa purus posuere consectetuer porttitor consectetuer lectus Java adipiscing sed malesuada Maecenas sit Fusce consectetuer adipiscing
2023-07-31 15:36:19 [pool-1-thread-1] INFO  c.m.d.t.t.k.s.l.TwitterKafkaStatusListener - Twitter status with text posuere Lorem elit magna ipsum pulvinar malesuada sit adipiscing sit libero posuere dolor posuere congue amet sed libero porttitor Lorem libero dolor amet adipiscing purus Elasticsearch congue sit posuere lectus adipiscing consectetuer porttitor dolor lectus Lorem dolor porttitor pulvinar sit pulvinar Maecenas amet pulvinar porttitor libero lectus dolor Lorem consectetuer
2023-07-31 15:36:20 [pool-1-thread-1] INFO  c.m.d.t.t.k.s.l.TwitterKafkaStatusListener - Twitter status with text sed Fusce sed libero sed malesuada sit congue pulvinar massa massa sed amet ipsum Kafka Fusce Lorem posuere posuere ipsum massa porttitor sit Lorem Lorem elit consectetuer
2023-07-31 15:36:21 [pool-1-thread-1] INFO  c.m.d.t.t.k.s.l.TwitterKafkaStatusListener - Twitter status with text congue dolor lectus Lorem dolor ipsum sit magna sed consectetuer ipsum malesuada congue Lorem Lorem massa sed pulvinar posuere consectetuer Microservices lectus sit Fusce dolor porttitor magna pulvinar libero ipsum magna massa amet sed amet sit Lorem Fusce lectus sit
2023-07-31 15:36:22 [pool-1-thread-1] INFO  c.m.d.t.t.k.s.l.TwitterKafkaStatusListener - Twitter status with text ipsum malesuada libero amet massa ipsum dolor Maecenas Fusce dolor Fusce libero sit Lorem sed lectus ultricies porttitor posuere ipsum dolor pulvinar dolor Elasticsearch consectetuer consectetuer congue massa amet consectetuer porttitor congue purus massa consectetuer magna sed malesuada purus congue magna adipiscing sed magna ultricies
2023-07-31 15:36:23 [pool-1-thread-1] INFO  c.m.d.t.t.k.s.l.TwitterKafkaStatusListener - Twitter status with text porttitor amet Fusce congue consectetuer libero dolor ipsum porttitor purus porttitor malesuada libero posuere lectus sit malesuada adipiscing posuere sed libero consectetuer Elasticsearch lectus massa posuere Lorem sit ipsum Lorem consectetuer ipsum purus pulvinar ipsum sed Fusce ipsum libero libero elit Fusce dolor
2023-07-31 15:36:24 [pool-1-thread-1] INFO  c.m.d.t.t.k.s.l.TwitterKafkaStatusListener - Twitter status with text lectus amet elit ipsum ipsum libero ipsum pulvinar Maecenas Lorem purus amet Fusce porttitor Lorem posuere Fusce porttitor adipiscing porttitor Microservices Fusce Fusce magna porttitor libero elit amet congue consectetuer magna Fusce consectetuer libero sed elit Fusce congue amet dolor
2023-07-31 15:36:25 [pool-1-thread-1] INFO  c.m.d.t.t.k.s.l.TwitterKafkaStatusListener - Twitter status with text malesuada sed purus porttitor pulvinar purus congue porttitor magna Microservices purus Lorem lectus massa sit sit Fusce
2023-07-31 15:36:26 [pool-1-thread-1] INFO  c.m.d.t.t.k.s.l.TwitterKafkaStatusListener - Twitter status with text libero ultricies sit malesuada purus purus Maecenas magna libero dolor massa adipiscing congue pulvinar ipsum congue pulvinar consectetuer posuere Fusce pulvinar Spring elit lectus massa malesuada Lorem porttitor malesuada purus congue dolor consectetuer Lorem ipsum posuere elit posuere congue Lorem congue
2023-07-31 15:36:27 [pool-1-thread-1] INFO  c.m.d.t.t.k.s.l.TwitterKafkaStatusListener - Twitter status with text elit Lorem ultricies magna congue pulvinar consectetuer malesuada Fusce Maecenas consectetuer Fusce Elasticsearch purus lectus consectetuer libero adipiscing consectetuer congue adipiscing amet porttitor
2023-07-31 15:36:28 [pool-1-thread-1] INFO  c.m.d.t.t.k.s.l.TwitterKafkaStatusListener - Twitter status with text malesuada porttitor magna purus porttitor sed porttitor sit lectus elit Lorem magna libero elit posuere Spring amet dolor Lorem elit ultricies adipiscing porttitor posuere posuere sit Lorem pulvinar Lorem lectus
2023-07-31 15:36:29 [pool-1-thread-1] INFO  c.m.d.t.t.k.s.l.TwitterKafkaStatusListener - Twitter status with text lectus congue Lorem lectus sed ipsum Fusce Maecenas dolor libero magna purus libero libero congue purus adipiscing congue amet Microservices congue Fusce sed amet Lorem consectetuer ipsum massa ipsum magna elit ultricies Lorem Fusce lectus lectus ultricies
2023-07-31 15:36:30 [pool-1-thread-1] INFO  c.m.d.t.t.k.s.l.TwitterKafkaStatusListener - Twitter status with text elit porttitor amet Lorem lectus consectetuer consectetuer posuere libero adipiscing Java libero dolor adipiscing Fusce porttitor porttitor Maecenas congue
2023-07-31 15:36:31 [pool-1-thread-1] INFO  c.m.d.t.t.k.s.l.TwitterKafkaStatusListener - Twitter status with text purus adipiscing purus Lorem elit ultricies adipiscing porttitor sit posuere sit porttitor amet Maecenas posuere Java Lorem Maecenas adipiscing posuere Lorem dolor Lorem Maecenas ipsum adipiscing Lorem sit sed
2023-07-31 15:36:32 [pool-1-thread-1] INFO  c.m.d.t.t.k.s.l.TwitterKafkaStatusListener - Twitter status with text massa dolor ultricies pulvinar posuere lectus Fusce magna elit dolor Fusce pulvinar congue massa Lorem amet sed porttitor magna sed lectus pulvinar Lorem pulvinar Java purus sed dolor elit congue elit Lorem elit adipiscing magna posuere consectetuer porttitor malesuada ipsum ipsum purus purus posuere dolor ultricies magna
2023-07-31 15:36:33 [pool-1-thread-1] INFO  c.m.d.t.t.k.s.l.TwitterKafkaStatusListener - Twitter status with text pulvinar ultricies magna posuere sit libero sed purus Maecenas lectus sit massa dolor Maecenas amet porttitor purus amet malesuada consectetuer magna sit lectus libero Elasticsearch malesuada malesuada amet malesuada libero congue posuere adipiscing adipiscing purus lectus ipsum pulvinar purus porttitor sit amet magna lectus dolor sit adipiscing
2023-07-31 15:36:34 [pool-1-thread-1] INFO  c.m.d.t.t.k.s.l.TwitterKafkaStatusListener - Twitter status with text elit Lorem porttitor consectetuer ipsum Lorem Lorem purus amet posuere sed libero amet porttitor magna libero Lorem sed elit Microservices amet ultricies dolor massa adipiscing congue Maecenas sit dolor porttitor massa pulvinar Lorem ipsum Fusce magna pulvinar
2023-07-31 15:36:35 [pool-1-thread-1] INFO  c.m.d.t.t.k.s.l.TwitterKafkaStatusListener - Twitter status with text Fusce Maecenas sit libero sed posuere libero libero ipsum consectetuer magna magna ipsum porttitor Kafka Lorem Fusce pulvinar elit posuere porttitor malesuada porttitor posuere Fusce dolor congue
2023-07-31 15:36:36 [pool-1-thread-1] INFO  c.m.d.t.t.k.s.l.TwitterKafkaStatusListener - Twitter status with text pulvinar dolor congue Maecenas ipsum libero posuere ipsum sit posuere consectetuer dolor massa libero posuere amet purus elit posuere posuere Spring magna Maecenas congue Fusce purus Maecenas posuere Lorem sed lectus consectetuer elit purus pulvinar Maecenas elit Fusce pulvinar amet
2023-07-31 15:36:37 [pool-1-thread-1] INFO  c.m.d.t.t.k.s.l.TwitterKafkaStatusListener - Twitter status with text Fusce elit Fusce Lorem libero posuere Lorem pulvinar massa Java elit purus Maecenas sed posuere amet Maecenas dolor
2023-07-31 15:36:38 [pool-1-thread-1] INFO  c.m.d.t.t.k.s.l.TwitterKafkaStatusListener - Twitter status with text ipsum ultricies Maecenas posuere malesuada consectetuer consectetuer ipsum lectus ultricies purus Java pulvinar ipsum Maecenas sit libero adipiscing sit adipiscing lectus
2023-07-31 15:36:39 [pool-1-thread-1] INFO  c.m.d.t.t.k.s.l.TwitterKafkaStatusListener - Twitter status with text adipiscing Lorem ipsum lectus adipiscing congue adipiscing posuere elit ultricies posuere lectus ipsum porttitor lectus purus libero ipsum consectetuer adipiscing malesuada posuere lectus amet ultricies Elasticsearch sit malesuada porttitor ipsum ultricies posuere adipiscing purus congue congue ipsum adipiscing amet sed dolor lectus porttitor magna ultricies pulvinar sed purus amet
2023-07-31 15:36:40 [pool-1-thread-1] INFO  c.m.d.t.t.k.s.l.TwitterKafkaStatusListener - Twitter status with text porttitor adipiscing purus Lorem malesuada massa porttitor amet dolor posuere Lorem consectetuer porttitor porttitor Lorem consectetuer ultricies elit sit dolor magna Microservices consectetuer adipiscing posuere pulvinar ultricies ultricies adipiscing sed Lorem Maecenas purus porttitor posuere elit dolor sed posuere elit dolor Maecenas
2023-07-31 15:36:41 [pool-1-thread-1] INFO  c.m.d.t.t.k.s.l.TwitterKafkaStatusListener - Twitter status with text Maecenas Maecenas elit sed pulvinar purus sed magna Lorem sit Fusce elit Maecenas consectetuer ultricies ultricies adipiscing pulvinar Java libero libero posuere sed lectus ultricies magna consectetuer adipiscing Lorem adipiscing massa congue sed porttitor porttitor
2023-07-31 15:36:42 [pool-1-thread-1] INFO  c.m.d.t.t.k.s.l.TwitterKafkaStatusListener - Twitter status with text elit massa massa porttitor Lorem malesuada Lorem dolor posuere magna sit Kafka purus sit posuere purus magna amet ultricies massa porttitor malesuada
2023-07-31 15:36:43 [pool-1-thread-1] INFO  c.m.d.t.t.k.s.l.TwitterKafkaStatusListener - Twitter status with text sit ipsum amet elit adipiscing sit Maecenas libero Fusce purus dolor elit porttitor pulvinar consectetuer Lorem ipsum Elasticsearch elit Fusce posuere dolor sit elit Lorem sit massa sed sed Maecenas pulvinar posuere ultricies congue
2023-07-31 15:36:44 [pool-1-thread-1] INFO  c.m.d.t.t.k.s.l.TwitterKafkaStatusListener - Twitter status with text malesuada magna Maecenas ipsum sit lectus porttitor pulvinar consectetuer malesuada elit amet massa ultricies congue congue ultricies dolor ipsum adipiscing libero Lorem Lorem ipsum elit Spring malesuada porttitor purus Lorem magna ipsum purus malesuada adipiscing Maecenas porttitor adipiscing Lorem lectus Lorem massa purus sit Fusce lectus massa lectus Lorem
2023-07-31 15:36:45 [pool-1-thread-1] INFO  c.m.d.t.t.k.s.l.TwitterKafkaStatusListener - Twitter status with text amet magna libero posuere Fusce dolor Maecenas consectetuer Maecenas amet Maecenas Java sit pulvinar massa malesuada ipsum congue elit porttitor ultricies
2023-07-31 15:36:47 [pool-1-thread-1] INFO  c.m.d.t.t.k.s.l.TwitterKafkaStatusListener - Twitter status with text lectus sit ipsum purus porttitor amet amet posuere Lorem magna adipiscing Microservices malesuada congue purus porttitor Fusce porttitor porttitor porttitor magna
2023-07-31 15:36:48 [pool-1-thread-1] INFO  c.m.d.t.t.k.s.l.TwitterKafkaStatusListener - Twitter status with text Lorem consectetuer sed porttitor amet libero porttitor porttitor congue magna ultricies Microservices amet sit sit ipsum sed Maecenas sed massa pulvinar ipsum
2023-07-31 15:36:49 [pool-1-thread-1] INFO  c.m.d.t.t.k.s.l.TwitterKafkaStatusListener - Twitter status with text consectetuer amet amet massa ipsum amet pulvinar dolor dolor magna Kafka porttitor magna amet posuere Lorem libero purus consectetuer
2023-07-31 15:36:50 [pool-1-thread-1] INFO  c.m.d.t.t.k.s.l.TwitterKafkaStatusListener - Twitter status with text dolor malesuada ipsum posuere consectetuer malesuada adipiscing porttitor posuere Lorem massa ipsum posuere consectetuer massa posuere ultricies dolor pulvinar libero posuere adipiscing congue dolor Elasticsearch libero pulvinar adipiscing posuere massa ultricies pulvinar sed ipsum ipsum ultricies ultricies massa pulvinar purus massa porttitor massa adipiscing Maecenas libero ipsum
2023-07-31 15:36:51 [pool-1-thread-1] INFO  c.m.d.t.t.k.s.l.TwitterKafkaStatusListener - Twitter status with text ultricies posuere purus purus magna sed adipiscing congue Microservices elit massa elit sed porttitor magna ultricies
2023-07-31 15:36:52 [pool-1-thread-1] INFO  c.m.d.t.t.k.s.l.TwitterKafkaStatusListener - Twitter status with text ultricies libero malesuada congue magna elit amet ultricies adipiscing amet ultricies pulvinar porttitor congue massa consectetuer malesuada ipsum Kafka ipsum lectus amet Maecenas massa massa adipiscing dolor malesuada sit lectus Lorem malesuada Maecenas posuere consectetuer
2023-07-31 15:36:53 [pool-1-thread-1] INFO  c.m.d.t.t.k.s.l.TwitterKafkaStatusListener - Twitter status with text adipiscing posuere lectus adipiscing lectus posuere sed Fusce massa elit posuere sed dolor sed Java Maecenas lectus Fusce elit lectus ultricies lectus Lorem adipiscing ipsum adipiscing libero
2023-07-31 15:36:54 [pool-1-thread-1] INFO  c.m.d.t.t.k.s.l.TwitterKafkaStatusListener - Twitter status with text consectetuer elit purus consectetuer sit Maecenas consectetuer porttitor porttitor congue Fusce Lorem adipiscing libero purus posuere magna malesuada sit purus posuere sed Elasticsearch congue ultricies ipsum dolor consectetuer adipiscing consectetuer lectus magna congue lectus dolor lectus lectus ultricies lectus magna adipiscing adipiscing libero purus
2023-07-31 15:36:55 [pool-1-thread-1] INFO  c.m.d.t.t.k.s.l.TwitterKafkaStatusListener - Twitter status with text congue malesuada libero sed sed sit porttitor porttitor porttitor libero amet adipiscing porttitor Elasticsearch malesuada massa libero pulvinar elit pulvinar libero purus adipiscing purus dolor
2023-07-31 15:36:56 [pool-1-thread-1] INFO  c.m.d.t.t.k.s.l.TwitterKafkaStatusListener - Twitter status with text magna Lorem ultricies posuere sit pulvinar pulvinar massa ipsum pulvinar massa dolor sed porttitor magna Maecenas dolor Spring Maecenas sed purus Fusce lectus posuere ipsum amet congue malesuada pulvinar amet magna posuere sit Fusce
2023-07-31 15:36:57 [pool-1-thread-1] INFO  c.m.d.t.t.k.s.l.TwitterKafkaStatusListener - Twitter status with text Lorem amet sit consectetuer dolor ultricies porttitor malesuada sed massa Fusce elit porttitor malesuada dolor elit pulvinar adipiscing lectus Kafka congue posuere porttitor Lorem elit dolor purus malesuada massa elit libero Lorem libero pulvinar ultricies dolor sed
2023-07-31 15:36:58 [pool-1-thread-1] INFO  c.m.d.t.t.k.s.l.TwitterKafkaStatusListener - Twitter status with text elit massa congue malesuada pulvinar posuere libero consectetuer Maecenas lectus ipsum amet ipsum ultricies lectus lectus consectetuer pulvinar purus amet amet magna Elasticsearch congue sit adipiscing libero Maecenas consectetuer pulvinar amet pulvinar libero sit Lorem sed Maecenas Lorem porttitor ultricies consectetuer ultricies sit porttitor
2023-07-31 15:36:59 [pool-1-thread-1] INFO  c.m.d.t.t.k.s.l.TwitterKafkaStatusListener - Twitter status with text purus elit pulvinar posuere sed ipsum purus Fusce malesuada dolor Fusce elit sed Maecenas sed libero consectetuer amet Spring ipsum Fusce dolor ipsum sed pulvinar Fusce Fusce Lorem Maecenas posuere Maecenas Maecenas pulvinar Lorem dolor porttitor
2023-07-31 15:37:00 [pool-1-thread-1] INFO  c.m.d.t.t.k.s.l.TwitterKafkaStatusListener - Twitter status with text libero porttitor malesuada magna ipsum massa Lorem adipiscing posuere congue congue lectus sit posuere libero purus porttitor Lorem pulvinar adipiscing Maecenas congue Kafka purus purus malesuada sit ultricies magna pulvinar sed consectetuer libero posuere adipiscing lectus consectetuer sed sit Lorem sed lectus congue
2023-07-31 15:37:01 [pool-1-thread-1] INFO  c.m.d.t.t.k.s.l.TwitterKafkaStatusListener - Twitter status with text lectus libero congue dolor libero sed adipiscing adipiscing purus posuere sit Fusce adipiscing magna ipsum Fusce elit Maecenas Kafka porttitor dolor Lorem Maecenas ipsum pulvinar congue ipsum Maecenas Fusce consectetuer adipiscing elit Maecenas massa adipiscing sed
2023-07-31 15:37:02 [pool-1-thread-1] INFO  c.m.d.t.t.k.s.l.TwitterKafkaStatusListener - Twitter status with text Maecenas sit malesuada elit sit sit Maecenas posuere posuere congue magna ipsum Maecenas sed libero Elasticsearch lectus sed purus congue Maecenas posuere Fusce lectus dolor malesuada posuere sed pulvinar Lorem
2023-07-31 15:37:03 [pool-1-thread-1] INFO  c.m.d.t.t.k.s.l.TwitterKafkaStatusListener - Twitter status with text Lorem purus purus posuere libero purus adipiscing lectus congue sit Maecenas porttitor porttitor Microservices purus lectus adipiscing porttitor sed congue congue lectus sit purus sit
2023-07-31 15:37:04 [pool-1-thread-1] INFO  c.m.d.t.t.k.s.l.TwitterKafkaStatusListener - Twitter status with text consectetuer adipiscing pulvinar dolor porttitor amet Lorem porttitor sed malesuada Lorem adipiscing ultricies Maecenas consectetuer dolor malesuada Microservices adipiscing Maecenas congue ultricies sit posuere malesuada posuere magna posuere congue purus porttitor Fusce adipiscing
2023-07-31 15:37:05 [pool-1-thread-1] INFO  c.m.d.t.t.k.s.l.TwitterKafkaStatusListener - Twitter status with text porttitor sit adipiscing ultricies Lorem adipiscing pulvinar libero purus libero porttitor ultricies pulvinar Microservices adipiscing Maecenas ultricies magna adipiscing lectus massa purus consectetuer libero dolor
2023-07-31 15:37:06 [pool-1-thread-1] INFO  c.m.d.t.t.k.s.l.TwitterKafkaStatusListener - Twitter status with text libero sed lectus purus lectus purus sed sed pulvinar elit Fusce posuere Maecenas magna posuere dolor elit posuere consectetuer massa adipiscing ipsum consectetuer Fusce Kafka consectetuer ultricies ipsum libero massa consectetuer congue ipsum pulvinar libero sed Maecenas libero Maecenas adipiscing ultricies Lorem ultricies elit elit amet Lorem porttitor
2023-07-31 15:37:07 [pool-1-thread-1] INFO  c.m.d.t.t.k.s.l.TwitterKafkaStatusListener - Twitter status with text porttitor sit Fusce ultricies porttitor ultricies Fusce Lorem posuere Fusce sit congue libero congue sit massa Fusce libero Maecenas adipiscing Elasticsearch ultricies sed malesuada libero magna adipiscing dolor libero sed consectetuer adipiscing libero massa adipiscing elit malesuada pulvinar pulvinar
2023-07-31 15:37:08 [pool-1-thread-1] INFO  c.m.d.t.t.k.s.l.TwitterKafkaStatusListener - Twitter status with text posuere massa malesuada libero ipsum adipiscing amet Maecenas ultricies adipiscing massa sed congue Maecenas libero purus porttitor Fusce sed adipiscing Elasticsearch ultricies Lorem sit ipsum magna Fusce porttitor consectetuer massa Fusce lectus magna Lorem ipsum adipiscing posuere porttitor posuere Fusce
2023-07-31 15:37:09 [pool-1-thread-1] INFO  c.m.d.t.t.k.s.l.TwitterKafkaStatusListener - Twitter status with text Fusce porttitor libero lectus libero purus ipsum Lorem adipiscing posuere lectus sed magna pulvinar amet Lorem Maecenas Java lectus adipiscing Lorem Lorem congue malesuada porttitor adipiscing libero magna purus elit Maecenas dolor consectetuer
2023-07-31 15:37:10 [pool-1-thread-1] INFO  c.m.d.t.t.k.s.l.TwitterKafkaStatusListener - Twitter status with text pulvinar pulvinar malesuada porttitor congue amet purus sed ultricies Maecenas pulvinar malesuada adipiscing adipiscing amet magna posuere sit consectetuer consectetuer malesuada magna consectetuer Fusce Microservices ultricies adipiscing ultricies sit Lorem purus Lorem dolor sed libero ultricies posuere amet malesuada purus porttitor purus pulvinar Lorem libero Lorem ipsum
2023-07-31 15:37:11 [pool-1-thread-1] INFO  c.m.d.t.t.k.s.l.TwitterKafkaStatusListener - Twitter status with text libero posuere sed elit pulvinar ultricies ultricies elit malesuada Fusce posuere ipsum Spring lectus Maecenas ultricies porttitor sed elit dolor libero porttitor ultricies
2023-07-31 15:37:12 [pool-1-thread-1] INFO  c.m.d.t.t.k.s.l.TwitterKafkaStatusListener - Twitter status with text sed libero pulvinar adipiscing Lorem elit lectus lectus magna Lorem adipiscing sit sed lectus dolor adipiscing Java pulvinar adipiscing purus congue amet magna elit sed consectetuer congue ipsum congue pulvinar ipsum
2023-07-31 15:37:19 [main] INFO  c.m.d.t.t.k.s.TwitterToKafkaServiceApplication - Starting TwitterToKafkaServiceApplication using Java 17.0.6 on cleo with PID 56013 (/Users/timurcelikel/IdeaProjects/microservices-demo/twitter-to-kafka-service/target/classes started by timurcelikel in /Users/timurcelikel/IdeaProjects/microservices-demo)
2023-07-31 15:37:19 [main] INFO  c.m.d.t.t.k.s.TwitterToKafkaServiceApplication - No active profile set, falling back to 1 default profile: "default"
2023-07-31 15:37:20 [main] INFO  c.m.d.t.t.k.s.TwitterToKafkaServiceApplication - Started TwitterToKafkaServiceApplication in 1.226 seconds (JVM running for 1.797)
2023-07-31 15:37:20 [main] INFO  c.m.d.t.t.k.s.TwitterToKafkaServiceApplication - App started
2023-07-31 15:37:20 [main] INFO  c.m.d.t.t.k.s.TwitterToKafkaServiceApplication - [Java, Microservices, Spring, Kafka, Elasticsearch]
2023-07-31 15:37:20 [main] INFO  c.m.d.t.t.k.s.TwitterToKafkaServiceApplication - Welcome to Microservices!
2023-07-31 15:37:20 [main] INFO  c.m.d.t.t.k.s.r.i.MockKafkaStreamRunner - Starting mock filtering twitter streams for keywords [Java, Microservices, Spring, Kafka, Elasticsearch]
2023-07-31 15:37:20 [pool-1-thread-1] INFO  c.m.d.t.t.k.s.l.TwitterKafkaStatusListener - Twitter status with text adipiscing dolor purus elit dolor massa amet Lorem Lorem sed pulvinar Maecenas libero lectus ultricies congue malesuada libero ipsum pulvinar ipsum dolor pulvinar dolor dolor Java posuere Lorem ultricies elit ultricies lectus amet sit elit posuere malesuada ultricies malesuada porttitor ultricies dolor Maecenas malesuada porttitor sed porttitor elit elit
2023-07-31 15:37:21 [pool-1-thread-1] INFO  c.m.d.t.t.k.s.l.TwitterKafkaStatusListener - Twitter status with text elit libero ultricies purus ipsum porttitor sit ultricies amet ipsum Lorem Maecenas porttitor congue elit massa posuere porttitor libero purus adipiscing magna consectetuer Spring elit Lorem purus massa congue Maecenas Maecenas elit dolor Fusce Lorem elit lectus porttitor purus dolor sit malesuada ultricies Lorem consectetuer
2023-07-31 15:37:22 [pool-1-thread-1] INFO  c.m.d.t.t.k.s.l.TwitterKafkaStatusListener - Twitter status with text sit amet Maecenas massa adipiscing pulvinar ultricies congue libero congue Fusce consectetuer elit ipsum lectus malesuada libero consectetuer ultricies sit consectetuer posuere magna ultricies libero Elasticsearch Lorem dolor posuere ipsum pulvinar libero amet ultricies libero Fusce amet massa amet adipiscing sed dolor porttitor sed malesuada adipiscing amet ipsum sed
2023-07-31 15:37:23 [pool-1-thread-1] INFO  c.m.d.t.t.k.s.l.TwitterKafkaStatusListener - Twitter status with text ipsum Fusce purus Maecenas porttitor pulvinar Lorem sed porttitor ipsum sit massa ultricies ipsum elit posuere Fusce ipsum Lorem Lorem dolor congue Spring consectetuer magna ultricies magna ultricies purus Maecenas pulvinar consectetuer sit consectetuer Fusce Lorem libero libero congue lectus ultricies Fusce Maecenas magna
2023-07-31 15:37:24 [pool-1-thread-1] INFO  c.m.d.t.t.k.s.l.TwitterKafkaStatusListener - Twitter status with text lectus congue dolor Lorem ultricies elit congue posuere ultricies purus malesuada congue posuere posuere amet adipiscing Microservices consectetuer adipiscing posuere Lorem Lorem congue malesuada libero posuere Maecenas pulvinar congue ipsum ultricies congue
2023-07-31 15:37:25 [pool-1-thread-1] INFO  c.m.d.t.t.k.s.l.TwitterKafkaStatusListener - Twitter status with text porttitor pulvinar porttitor lectus ultricies purus consectetuer porttitor adipiscing consectetuer posuere ipsum Lorem libero pulvinar lectus massa libero Elasticsearch sed lectus sed posuere posuere ipsum sit dolor lectus pulvinar ipsum purus dolor Lorem amet libero
2023-07-31 15:37:26 [pool-1-thread-1] INFO  c.m.d.t.t.k.s.l.TwitterKafkaStatusListener - Twitter status with text massa malesuada sit ultricies posuere pulvinar Fusce elit Fusce pulvinar sed purus libero Elasticsearch libero adipiscing Maecenas lectus posuere magna Lorem libero Fusce porttitor Lorem
2023-07-31 15:37:27 [pool-1-thread-1] INFO  c.m.d.t.t.k.s.l.TwitterKafkaStatusListener - Twitter status with text Maecenas posuere posuere Maecenas consectetuer sit dolor Maecenas ipsum ipsum sed magna posuere sit consectetuer sed Fusce sed pulvinar Elasticsearch elit purus sed dolor ipsum lectus malesuada Fusce Lorem Maecenas adipiscing Fusce ultricies malesuada Lorem dolor sit
2023-07-31 15:37:28 [pool-1-thread-1] INFO  c.m.d.t.t.k.s.l.TwitterKafkaStatusListener - Twitter status with text porttitor consectetuer elit congue congue posuere congue sit Fusce dolor posuere malesuada purus ultricies Lorem congue sed Elasticsearch pulvinar ultricies ipsum porttitor Fusce purus purus pulvinar purus massa adipiscing sit libero congue sit
2023-07-31 15:37:29 [pool-1-thread-1] INFO  c.m.d.t.t.k.s.l.TwitterKafkaStatusListener - Twitter status with text libero posuere pulvinar congue amet sed adipiscing congue sit Lorem dolor elit dolor dolor porttitor Spring dolor lectus posuere congue sit magna Maecenas elit sit lectus consectetuer magna porttitor malesuada
2023-07-31 15:37:30 [pool-1-thread-1] INFO  c.m.d.t.t.k.s.l.TwitterKafkaStatusListener - Twitter status with text consectetuer consectetuer ipsum dolor magna sit elit dolor Fusce libero ultricies congue posuere lectus sit Lorem sit porttitor adipiscing posuere posuere Kafka lectus posuere ipsum consectetuer posuere ultricies consectetuer consectetuer dolor ultricies adipiscing sed purus magna libero ipsum congue elit Lorem
2023-07-31 15:37:31 [pool-1-thread-1] INFO  c.m.d.t.t.k.s.l.TwitterKafkaStatusListener - Twitter status with text malesuada Fusce Lorem amet ultricies sed massa congue ipsum consectetuer libero Microservices lectus ipsum consectetuer porttitor magna adipiscing pulvinar amet pulvinar
2023-07-31 15:37:32 [pool-1-thread-1] INFO  c.m.d.t.t.k.s.l.TwitterKafkaStatusListener - Twitter status with text purus lectus congue purus elit purus malesuada porttitor malesuada dolor magna adipiscing massa elit elit congue magna magna malesuada ipsum ultricies Lorem ultricies ipsum Elasticsearch consectetuer Lorem Maecenas ultricies lectus libero sed Lorem sed Lorem dolor adipiscing Lorem amet posuere massa consectetuer dolor massa malesuada lectus libero congue
2023-07-31 15:37:33 [pool-1-thread-1] INFO  c.m.d.t.t.k.s.l.TwitterKafkaStatusListener - Twitter status with text Fusce Lorem libero ultricies malesuada Maecenas congue massa amet Maecenas adipiscing ultricies adipiscing consectetuer magna pulvinar consectetuer sit magna elit pulvinar Java massa Lorem Lorem ultricies ultricies lectus Lorem purus dolor ipsum ultricies porttitor ipsum libero consectetuer dolor Maecenas congue consectetuer purus
2023-07-31 15:37:34 [pool-1-thread-1] INFO  c.m.d.t.t.k.s.l.TwitterKafkaStatusListener - Twitter status with text massa massa magna amet consectetuer lectus posuere sit consectetuer ipsum posuere elit dolor magna magna libero ultricies magna dolor Elasticsearch pulvinar porttitor amet congue purus Maecenas Maecenas pulvinar consectetuer sed massa Lorem sed amet magna porttitor Lorem porttitor
2023-07-31 15:37:35 [pool-1-thread-1] INFO  c.m.d.t.t.k.s.l.TwitterKafkaStatusListener - Twitter status with text elit amet Maecenas sit sed libero pulvinar congue pulvinar dolor Lorem sed Maecenas congue pulvinar porttitor magna adipiscing porttitor Maecenas Java lectus amet sed dolor ipsum porttitor ultricies malesuada ultricies lectus ipsum pulvinar magna sed massa elit libero posuere ultricies
2023-07-31 15:37:36 [pool-1-thread-1] INFO  c.m.d.t.t.k.s.l.TwitterKafkaStatusListener - Twitter status with text adipiscing ultricies ultricies purus pulvinar massa porttitor ipsum consectetuer porttitor dolor Lorem sed pulvinar consectetuer magna adipiscing posuere ultricies elit porttitor libero Microservices dolor massa Maecenas dolor Fusce elit ipsum Fusce sit pulvinar adipiscing purus elit congue sit sit libero amet sit Fusce
2023-07-31 15:37:37 [pool-1-thread-1] INFO  c.m.d.t.t.k.s.l.TwitterKafkaStatusListener - Twitter status with text adipiscing massa Fusce congue ultricies Fusce Fusce magna magna sed porttitor elit magna libero amet purus dolor Maecenas ipsum Microservices lectus malesuada Maecenas pulvinar dolor sed adipiscing massa congue elit purus Maecenas pulvinar congue consectetuer massa amet dolor
2023-07-31 15:37:38 [pool-1-thread-1] INFO  c.m.d.t.t.k.s.l.TwitterKafkaStatusListener - Twitter status with text pulvinar magna pulvinar posuere libero Maecenas lectus porttitor Maecenas magna magna sit lectus porttitor purus posuere magna libero adipiscing consectetuer libero sit consectetuer posuere posuere Microservices sed lectus posuere posuere amet sed libero lectus adipiscing adipiscing ipsum posuere libero posuere libero elit pulvinar massa congue Maecenas lectus consectetuer Fusce pulvinar
2023-07-31 15:37:39 [pool-1-thread-1] INFO  c.m.d.t.t.k.s.l.TwitterKafkaStatusListener - Twitter status with text ultricies pulvinar lectus sit lectus massa Maecenas Maecenas sit Fusce Lorem Maecenas libero dolor ipsum porttitor amet sit adipiscing Microservices consectetuer ultricies dolor Fusce congue posuere posuere amet amet massa sed Lorem libero sit purus ultricies Fusce elit
2023-07-31 15:37:40 [pool-1-thread-1] INFO  c.m.d.t.t.k.s.l.TwitterKafkaStatusListener - Twitter status with text dolor adipiscing purus pulvinar porttitor Maecenas sed purus pulvinar purus ipsum Kafka amet pulvinar consectetuer pulvinar magna Fusce elit posuere dolor elit
2023-07-31 15:37:41 [pool-1-thread-1] INFO  c.m.d.t.t.k.s.l.TwitterKafkaStatusListener - Twitter status with text ultricies porttitor Maecenas Lorem posuere amet dolor magna sit adipiscing ultricies Microservices Fusce sit Fusce magna ipsum Lorem congue ultricies Lorem
2023-07-31 15:37:42 [pool-1-thread-1] INFO  c.m.d.t.t.k.s.l.TwitterKafkaStatusListener - Twitter status with text consectetuer ipsum pulvinar libero Fusce dolor dolor posuere dolor massa Lorem libero posuere Spring lectus Lorem dolor purus massa elit ultricies pulvinar magna Lorem magna
2023-07-31 15:37:43 [pool-1-thread-1] INFO  c.m.d.t.t.k.s.l.TwitterKafkaStatusListener - Twitter status with text posuere posuere consectetuer sit pulvinar lectus massa adipiscing magna amet sit lectus Lorem libero Fusce amet purus Kafka adipiscing elit amet amet dolor malesuada consectetuer magna magna elit purus sit amet porttitor pulvinar amet
2023-07-31 15:37:44 [pool-1-thread-1] INFO  c.m.d.t.t.k.s.l.TwitterKafkaStatusListener - Twitter status with text congue ipsum ipsum Lorem pulvinar amet purus magna massa malesuada Fusce sit sed lectus Java elit Fusce ultricies amet pulvinar Fusce Fusce lectus consectetuer dolor consectetuer consectetuer ipsum
2023-07-31 15:37:45 [pool-1-thread-1] INFO  c.m.d.t.t.k.s.l.TwitterKafkaStatusListener - Twitter status with text purus adipiscing Fusce dolor dolor ultricies Fusce consectetuer ultricies Microservices magna Lorem purus porttitor pulvinar porttitor sed dolor
2023-07-31 15:37:46 [pool-1-thread-1] INFO  c.m.d.t.t.k.s.l.TwitterKafkaStatusListener - Twitter status with text dolor amet amet dolor porttitor malesuada congue malesuada lectus Fusce sit porttitor sit Lorem pulvinar consectetuer porttitor sit Spring sed magna purus magna malesuada magna malesuada porttitor lectus sit Maecenas malesuada magna elit elit consectetuer
2023-07-31 15:37:47 [pool-1-thread-1] INFO  c.m.d.t.t.k.s.l.TwitterKafkaStatusListener - Twitter status with text sit magna Fusce dolor malesuada porttitor adipiscing elit ultricies massa posuere sit lectus purus dolor pulvinar elit lectus adipiscing porttitor Lorem consectetuer elit Kafka ultricies sit sed congue libero elit porttitor porttitor malesuada elit magna Fusce amet Maecenas lectus ipsum consectetuer adipiscing posuere sed Fusce dolor
2023-07-31 15:37:48 [pool-1-thread-1] INFO  c.m.d.t.t.k.s.l.TwitterKafkaStatusListener - Twitter status with text ultricies Maecenas sit libero malesuada Fusce porttitor consectetuer ultricies congue sit massa Maecenas adipiscing pulvinar purus ipsum posuere posuere Java dolor posuere sit porttitor posuere porttitor elit Fusce congue libero purus elit elit malesuada ipsum elit dolor congue
2023-07-31 15:37:49 [pool-1-thread-1] INFO  c.m.d.t.t.k.s.l.TwitterKafkaStatusListener - Twitter status with text ultricies posuere posuere posuere libero malesuada lectus massa purus ipsum dolor malesuada pulvinar libero massa Elasticsearch congue sit purus purus consectetuer purus Fusce Fusce sed Maecenas amet pulvinar dolor purus
2023-07-31 15:37:50 [pool-1-thread-1] INFO  c.m.d.t.t.k.s.l.TwitterKafkaStatusListener - Twitter status with text Lorem lectus sed ultricies libero Fusce elit pulvinar dolor dolor porttitor purus elit lectus elit pulvinar ultricies amet magna ultricies amet magna ipsum lectus Spring consectetuer libero amet sit magna ultricies Lorem ultricies magna massa sed libero adipiscing purus massa sed dolor malesuada consectetuer posuere sed malesuada Fusce
2023-07-31 15:37:51 [pool-1-thread-1] INFO  c.m.d.t.t.k.s.l.TwitterKafkaStatusListener - Twitter status with text pulvinar posuere ipsum Fusce elit purus magna sed pulvinar Fusce amet ultricies dolor malesuada purus massa purus sed massa Fusce congue Kafka purus consectetuer Fusce magna porttitor amet libero sed congue sit pulvinar magna sit pulvinar amet adipiscing elit ultricies Lorem
2023-07-31 15:37:52 [pool-1-thread-1] INFO  c.m.d.t.t.k.s.l.TwitterKafkaStatusListener - Twitter status with text Lorem libero sed congue libero elit porttitor consectetuer dolor magna porttitor purus ipsum libero lectus elit posuere lectus ipsum consectetuer magna pulvinar ipsum libero adipiscing ipsum Spring congue sed posuere ultricies magna libero amet Lorem elit lectus sed amet ipsum ultricies malesuada ipsum ipsum sed sit lectus sit ultricies libero Maecenas
2023-07-31 15:37:53 [pool-1-thread-1] INFO  c.m.d.t.t.k.s.l.TwitterKafkaStatusListener - Twitter status with text Lorem adipiscing posuere ultricies sit porttitor Fusce adipiscing dolor massa elit lectus Spring ipsum porttitor amet malesuada sit posuere libero lectus sed massa
2023-07-31 15:37:54 [pool-1-thread-1] INFO  c.m.d.t.t.k.s.l.TwitterKafkaStatusListener - Twitter status with text magna elit dolor malesuada pulvinar dolor consectetuer adipiscing purus libero dolor sit dolor Microservices sit elit Lorem ipsum Maecenas congue libero posuere ipsum lectus Fusce magna
2023-07-31 15:37:55 [pool-1-thread-1] INFO  c.m.d.t.t.k.s.l.TwitterKafkaStatusListener - Twitter status with text massa libero sed amet Fusce malesuada adipiscing consectetuer pulvinar amet purus Fusce posuere magna malesuada libero massa magna purus porttitor sit Java pulvinar magna sit purus consectetuer ipsum sed consectetuer magna pulvinar Lorem porttitor massa libero adipiscing sit dolor malesuada sit Maecenas
2023-07-31 15:37:56 [pool-1-thread-1] INFO  c.m.d.t.t.k.s.l.TwitterKafkaStatusListener - Twitter status with text Maecenas ipsum amet congue pulvinar purus magna adipiscing elit Lorem porttitor massa Maecenas Fusce dolor porttitor massa adipiscing Lorem Java posuere ipsum pulvinar sed Fusce ultricies massa libero sed sit massa posuere magna porttitor consectetuer sed ipsum massa
2023-07-31 15:37:57 [pool-1-thread-1] INFO  c.m.d.t.t.k.s.l.TwitterKafkaStatusListener - Twitter status with text ultricies amet elit Lorem Lorem sed posuere porttitor congue Fusce elit ultricies massa Java adipiscing posuere massa malesuada amet ultricies amet ultricies malesuada massa posuere malesuada
2023-07-31 15:37:58 [pool-1-thread-1] INFO  c.m.d.t.t.k.s.l.TwitterKafkaStatusListener - Twitter status with text massa libero pulvinar pulvinar ultricies Lorem magna amet malesuada Kafka lectus malesuada malesuada libero porttitor sed amet amet
2023-07-31 15:37:59 [pool-1-thread-1] INFO  c.m.d.t.t.k.s.l.TwitterKafkaStatusListener - Twitter status with text dolor elit malesuada adipiscing magna posuere malesuada congue ultricies sed posuere sit malesuada Lorem massa Kafka dolor dolor pulvinar amet consectetuer pulvinar elit Fusce elit dolor Lorem amet ultricies
2023-07-31 15:38:00 [pool-1-thread-1] INFO  c.m.d.t.t.k.s.l.TwitterKafkaStatusListener - Twitter status with text Lorem elit porttitor porttitor consectetuer pulvinar pulvinar massa sit amet ipsum dolor amet Fusce amet Maecenas consectetuer elit sed dolor sed massa Kafka dolor purus dolor consectetuer elit ultricies dolor Maecenas Lorem pulvinar libero Lorem elit lectus massa pulvinar libero consectetuer ipsum congue
2023-07-31 15:38:01 [pool-1-thread-1] INFO  c.m.d.t.t.k.s.l.TwitterKafkaStatusListener - Twitter status with text dolor massa congue lectus pulvinar posuere Lorem Fusce malesuada sed sit adipiscing pulvinar porttitor Maecenas pulvinar Microservices Lorem ultricies lectus malesuada massa lectus malesuada posuere malesuada libero elit sed pulvinar libero
2023-07-31 15:38:02 [pool-1-thread-1] INFO  c.m.d.t.t.k.s.l.TwitterKafkaStatusListener - Twitter status with text lectus massa ultricies dolor purus porttitor ipsum posuere ipsum elit congue porttitor adipiscing magna massa malesuada ultricies congue elit ipsum malesuada dolor elit Elasticsearch Maecenas libero lectus adipiscing sit sed posuere pulvinar pulvinar ultricies sed consectetuer ipsum massa porttitor Lorem ipsum pulvinar massa posuere porttitor
2023-07-31 15:38:03 [pool-1-thread-1] INFO  c.m.d.t.t.k.s.l.TwitterKafkaStatusListener - Twitter status with text dolor congue adipiscing massa massa malesuada congue adipiscing adipiscing porttitor consectetuer ipsum Fusce posuere massa congue Spring porttitor Maecenas libero elit Maecenas sit posuere Fusce posuere ultricies amet elit Lorem massa posuere
2023-07-31 15:38:04 [pool-1-thread-1] INFO  c.m.d.t.t.k.s.l.TwitterKafkaStatusListener - Twitter status with text elit malesuada Maecenas amet Maecenas lectus porttitor dolor elit ipsum libero ultricies amet lectus pulvinar Java Fusce consectetuer magna massa libero purus posuere congue porttitor lectus pulvinar consectetuer Fusce Fusce
